<?xml version="1.0" encoding="UTF-8"?>
<testsuite xmlns:xsi="http://www.w3.org/2001/XMLSchema-instance" xsi:noNamespaceSchemaLocation="https://maven.apache.org/surefire/maven-surefire-plugin/xsd/surefire-test-report-3.0.xsd" version="3.0" name="com.scratchgame.ScratchGameTest" time="0.046" tests="3" errors="0" skipped="0" failures="0">
  <properties>
[...]
</properties>
  <testcase name="testPlayWithNegativeBet" classname="com.scratchgame.ScratchGameTest" time="0.032"/>
  <testcase name="testPlayWithValidBet" classname="com.scratchgame.ScratchGameTest" time="0.008">
    <system-out><![CDATA[Checking symbol at [0,0]: B
Found 3 occurrences of symbol B
Found 3 occurrences of symbol B
Found 3 occurrences of symbol B
Found 3 occurrences of symbol B
Found 3 occurrences of symbol B
Found 3 occurrences of symbol B
Found 3 occurrences of symbol B
Found winning combinations for symbol B: [same_symbol_3_times]
Checking symbol at [0,1]: E
Found 6 occurrences of symbol E
Found 6 occurrences of symbol E
Found 6 occurrences of symbol E
Found 6 occurrences of symbol E
Found 6 occurrences of symbol E
Found 6 occurrences of symbol E
Found 6 occurrences of symbol E
Found winning combinations for symbol E: [same_symbol_3_times, same_symbol_4_times, same_symbol_5_times, same_symbol_6_times]
Checking symbol at [0,2]: D
Found 2 occurrences of symbol D
Found 2 occurrences of symbol D
Found 2 occurrences of symbol D
Found 2 occurrences of symbol D
Found 2 occurrences of symbol D
Found 2 occurrences of symbol D
Found 2 occurrences of symbol D
Checking symbol at [0,3]: F
Found 5 occurrences of symbol F
Found 5 occurrences of symbol F
Found 5 occurrences of symbol F
Found 5 occurrences of symbol F
Found 5 occurrences of symbol F
Found 5 occurrences of symbol F
Found 5 occurrences of symbol F
Found winning combinations for symbol F: [same_symbol_3_times, same_symbol_4_times, same_symbol_5_times]
Checking symbol at [1,0]: D
Found 2 occurrences of symbol D
Found 2 occurrences of symbol D
Found 2 occurrences of symbol D
Found 2 occurrences of symbol D
Found 2 occurrences of symbol D
Found 2 occurrences of symbol D
Found 2 occurrences of symbol D
Checking symbol at [1,1]: E
Found 6 occurrences of symbol E
Found 6 occurrences of symbol E
Found 6 occurrences of symbol E
Found 6 occurrences of symbol E
Found 6 occurrences of symbol E
Found 6 occurrences of symbol E
Found 6 occurrences of symbol E
Found winning combinations for symbol E: [same_symbol_3_times, same_symbol_4_times, same_symbol_5_times, same_symbol_6_times]
Checking symbol at [1,2]: F
Found 5 occurrences of symbol F
Found 5 occurrences of symbol F
Found 5 occurrences of symbol F
Found 5 occurrences of symbol F
Found 5 occurrences of symbol F
Found 5 occurrences of symbol F
Found 5 occurrences of symbol F
Found winning combinations for symbol F: [same_symbol_3_times, same_symbol_4_times, same_symbol_5_times]
Checking symbol at [1,3]: E
Found 6 occurrences of symbol E
Found 6 occurrences of symbol E
Found 6 occurrences of symbol E
Found 6 occurrences of symbol E
Found 6 occurrences of symbol E
Found 6 occurrences of symbol E
Found 6 occurrences of symbol E
Found winning combinations for symbol E: [same_symbol_3_times, same_symbol_4_times, same_symbol_5_times, same_symbol_6_times]
Checking symbol at [2,0]: E
Found 6 occurrences of symbol E
Found 6 occurrences of symbol E
Found 6 occurrences of symbol E
Found 6 occurrences of symbol E
Found 6 occurrences of symbol E
Found 6 occurrences of symbol E
Found 6 occurrences of symbol E
Found winning combinations for symbol E: [same_symbol_3_times, same_symbol_4_times, same_symbol_5_times, same_symbol_6_times]
Checking symbol at [2,1]: B
Found 3 occurrences of symbol B
Found 3 occurrences of symbol B
Found 3 occurrences of symbol B
Found 3 occurrences of symbol B
Found 3 occurrences of symbol B
Found 3 occurrences of symbol B
Found 3 occurrences of symbol B
Found winning combinations for symbol B: [same_symbol_3_times]
Checking symbol at [2,2]: B
Found 3 occurrences of symbol B
Found 3 occurrences of symbol B
Found 3 occurrences of symbol B
Found 3 occurrences of symbol B
Found 3 occurrences of symbol B
Found 3 occurrences of symbol B
Found 3 occurrences of symbol B
Found winning combinations for symbol B: [same_symbol_3_times]
Checking symbol at [2,3]: F
Found 5 occurrences of symbol F
Found 5 occurrences of symbol F
Found 5 occurrences of symbol F
Found 5 occurrences of symbol F
Found 5 occurrences of symbol F
Found 5 occurrences of symbol F
Found 5 occurrences of symbol F
Found winning combinations for symbol F: [same_symbol_3_times, same_symbol_4_times, same_symbol_5_times]
Checking symbol at [3,0]: F
Found 5 occurrences of symbol F
Found 5 occurrences of symbol F
Found 5 occurrences of symbol F
Found 5 occurrences of symbol F
Found 5 occurrences of symbol F
Found 5 occurrences of symbol F
Found 5 occurrences of symbol F
Found winning combinations for symbol F: [same_symbol_3_times, same_symbol_4_times, same_symbol_5_times]
Checking symbol at [3,1]: E
Found 6 occurrences of symbol E
Found 6 occurrences of symbol E
Found 6 occurrences of symbol E
Found 6 occurrences of symbol E
Found 6 occurrences of symbol E
Found 6 occurrences of symbol E
Found 6 occurrences of symbol E
Found winning combinations for symbol E: [same_symbol_3_times, same_symbol_4_times, same_symbol_5_times, same_symbol_6_times]
Checking symbol at [3,2]: E
Found 6 occurrences of symbol E
Found 6 occurrences of symbol E
Found 6 occurrences of symbol E
Found 6 occurrences of symbol E
Found 6 occurrences of symbol E
Found 6 occurrences of symbol E
Found 6 occurrences of symbol E
Found winning combinations for symbol E: [same_symbol_3_times, same_symbol_4_times, same_symbol_5_times, same_symbol_6_times]
Checking symbol at [3,3]: F
Found 5 occurrences of symbol F
Found 5 occurrences of symbol F
Found 5 occurrences of symbol F
Found 5 occurrences of symbol F
Found 5 occurrences of symbol F
Found 5 occurrences of symbol F
Found 5 occurrences of symbol F
Found winning combinations for symbol F: [same_symbol_3_times, same_symbol_4_times, same_symbol_5_times]
]]></system-out>
  </testcase>
  <testcase name="testPlayWithZeroBet" classname="com.scratchgame.ScratchGameTest" time="0.005"/>
</testsuite>