<?xml version="1.0" encoding="UTF-8"?>
<testsuite xmlns:xsi="http://www.w3.org/2001/XMLSchema-instance" xsi:noNamespaceSchemaLocation="https://maven.apache.org/surefire/maven-surefire-plugin/xsd/surefire-test-report-3.0.xsd" version="3.0" name="com.scratchgame.ScratchGameTest" time="0.149" tests="3" errors="0" skipped="0" failures="0">
  <properties>
[...]
</properties>
  <testcase name="testPlayWithNegativeBet" classname="com.scratchgame.ScratchGameTest" time="0.124"/>
  <testcase name="testPlayWithValidBet" classname="com.scratchgame.ScratchGameTest" time="0.007"/>
  <testcase name="testPlayWithZeroBet" classname="com.scratchgame.ScratchGameTest" time="0.005"/>
</testsuite>